#
# There is insufficient memory for the Java Runtime Environment to continue.
# Native memory allocation (malloc) failed to allocate 889296 bytes for Chunk::new
# Possible reasons:
#   The system is out of physical RAM or swap space
#   The process is running with CompressedOops enabled, and the Java Heap may be blocking the growth of the native heap
# Possible solutions:
#   Reduce memory load on the system
#   Increase physical memory or swap space
#   Check if swap backing store is full
#   Decrease Java heap size (-Xmx/-Xms)
#   Decrease number of Java threads
#   Decrease Java thread stack sizes (-Xss)
#   Set larger code cache with -XX:ReservedCodeCacheSize=
#   JVM is running with Zero Based Compressed Oops mode in which the Java heap is
#     placed in the first 32GB address space. The Java Heap base address is the
#     maximum limit for the native heap growth. Please use -XX:HeapBaseMinAddress
#     to set the Java Heap base and to place the Java Heap above 32GB virtual address.
# This output file may be truncated or incomplete.
#
#  Out of Memory Error (allocation.cpp:389), pid=23144, tid=0x00000000000023d4
#
# JRE version: Java(TM) SE Runtime Environment (8.0_341-b10) (build 1.8.0_341-b10)
# Java VM: Java HotSpot(TM) 64-Bit Server VM (25.341-b10 mixed mode windows-amd64 compressed oops)
# Failed to write core dump. Minidumps are not enabled by default on client versions of Windows
#

---------------  T H R E A D  ---------------

Current thread (0x000001ecfaeea000):  JavaThread "C2 CompilerThread2" daemon [_thread_in_native, id=9172, stack(0x000000a8d8100000,0x000000a8d8200000)]

Stack: [0x000000a8d8100000,0x000000a8d8200000]
Native frames: (J=compiled Java code, j=interpreted, Vv=VM code, C=native code)
V  [jvm.dll+0x32fa99]
V  [jvm.dll+0x275ff2]
V  [jvm.dll+0x276c9d]
V  [jvm.dll+0x26d645]
V  [jvm.dll+0xd583c]
V  [jvm.dll+0xd603c]
V  [jvm.dll+0x453fe2]
V  [jvm.dll+0x48f09d]
V  [jvm.dll+0x4436fe]
V  [jvm.dll+0x440e1b]
V  [jvm.dll+0x42bceb]
V  [jvm.dll+0xac68b]
V  [jvm.dll+0xaaceb]
V  [jvm.dll+0x23e542]
V  [jvm.dll+0x292d2c]
C  [ucrtbase.dll+0x21bb2]
C  [KERNEL32.DLL+0x17034]
C  [ntdll.dll+0x526a1]


Current CompileTask:
C2:   1587 2213   !   4       org.codehaus.plexus.interpolation.StringSearchInterpolator::interpolate (650 bytes)


---------------  P R O C E S S  ---------------

Java Threads: ( => current thread )
  0x000001ecfcd8d000 JavaThread "Service Thread" daemon [_thread_blocked, id=1228, stack(0x000000a8d8300000,0x000000a8d8400000)]
  0x000001ecfaef1000 JavaThread "C1 CompilerThread3" daemon [_thread_in_vm, id=14408, stack(0x000000a8d8200000,0x000000a8d8300000)]
=>0x000001ecfaeea000 JavaThread "C2 CompilerThread2" daemon [_thread_in_native, id=9172, stack(0x000000a8d8100000,0x000000a8d8200000)]
  0x000001ecfaee5000 JavaThread "C2 CompilerThread1" daemon [_thread_in_native, id=10152, stack(0x000000a8d8000000,0x000000a8d8100000)]
  0x000001ecfaedf800 JavaThread "C2 CompilerThread0" daemon [_thread_in_native, id=8708, stack(0x000000a8d7f00000,0x000000a8d8000000)]
  0x000001ecfaede000 JavaThread "Attach Listener" daemon [_thread_blocked, id=21564, stack(0x000000a8d7e00000,0x000000a8d7f00000)]
  0x000001ecfaedc000 JavaThread "Signal Dispatcher" daemon [_thread_blocked, id=23820, stack(0x000000a8d7d00000,0x000000a8d7e00000)]
  0x000001ecfaeb4000 JavaThread "Finalizer" daemon [_thread_blocked, id=19168, stack(0x000000a8d7c00000,0x000000a8d7d00000)]
  0x000001ecfaeac000 JavaThread "Reference Handler" daemon [_thread_blocked, id=21228, stack(0x000000a8d7b00000,0x000000a8d7c00000)]
  0x000001ece0222800 JavaThread "main" [_thread_in_native, id=20928, stack(0x000000a8d7100000,0x000000a8d7200000)]

Other Threads:
  0x000001ecfae81000 VMThread [stack: 0x000000a8d7a00000,0x000000a8d7b00000] [id=4928]
  0x000001ecfcda6000 WatcherThread [stack: 0x000000a8d8400000,0x000000a8d8500000] [id=20576]

VM state:not at safepoint (normal execution)

VM Mutex/Monitor currently owned by a thread: None

heap address: 0x00000006c3000000, size: 4048 MB, Compressed Oops mode: Zero based, Oop shift amount: 3
Narrow klass base: 0x0000000000000000, Narrow klass shift: 3
Compressed class space size: 1073741824 Address: 0x00000007c0000000

Heap:
 PSYoungGen      total 75776K, used 15474K [0x000000076bb00000, 0x0000000770f80000, 0x00000007c0000000)
  eden space 65024K, 9% used [0x000000076bb00000,0x000000076c142aa0,0x000000076fa80000)
  from space 10752K, 84% used [0x0000000770500000,0x0000000770dda148,0x0000000770f80000)
  to   space 10752K, 0% used [0x000000076fa80000,0x000000076fa80000,0x0000000770500000)
 ParOldGen       total 173568K, used 24K [0x00000006c3000000, 0x00000006cd980000, 0x000000076bb00000)
  object space 173568K, 0% used [0x00000006c3000000,0x00000006c3006000,0x00000006cd980000)
 Metaspace       used 15193K, capacity 15454K, committed 15616K, reserved 1062912K
  class space    used 1839K, capacity 1949K, committed 2048K, reserved 1048576K

Card table byte_map: [0x000001ecf1040000,0x000001ecf1830000] byte_map_base: 0x000001eceda28000

Marking Bits: (ParMarkBitMap*) 0x0000000073519030
 Begin Bits: [0x000001ecf1d80000, 0x000001ecf5cc0000)
 End Bits:   [0x000001ecf5cc0000, 0x000001ecf9c00000)

Polling page: 0x000001ece1c50000

CodeCache: size=245760Kb used=7936Kb max_used=7936Kb free=237823Kb
 bounds [0x000001ece1c80000, 0x000001ece2450000, 0x000001ecf0c80000]
 total_blobs=2675 nmethods=2325 adapters=262
 compilation: enabled

Compilation events (10 events):
Event: 1.543 Thread 0x000001ecfaef1000 2297       3       java.util.regex.Pattern::sequence (553 bytes)
Event: 1.546 Thread 0x000001ecfaef1000 nmethod 2297 0x000001ece242b5d0 code [0x000001ece242bb20, 0x000001ece242ec00]
Event: 1.546 Thread 0x000001ecfaedf800 nmethod 2295 0x000001ece241f350 code [0x000001ece241f4a0, 0x000001ece241faf8]
Event: 1.546 Thread 0x000001ecfaedf800 2300       4       org.codehaus.plexus.interpolation.PrefixedValueSourceWrapper::clearFeedback (10 bytes)
Event: 1.546 Thread 0x000001ecfaef1000 2299       3       org.apache.maven.model.building.ModelData::getGroupId (17 bytes)
Event: 1.546 Thread 0x000001ecfaef1000 nmethod 2299 0x000001ece2421cd0 code [0x000001ece2421e20, 0x000001ece2421fd8]
Event: 1.547 Thread 0x000001ecfaef1000 2298       3       java.util.regex.Pattern::expr (142 bytes)
Event: 1.547 Thread 0x000001ecfaedf800 nmethod 2300 0x000001ece2428510 code [0x000001ece2428660, 0x000001ece2428778]
Event: 1.547 Thread 0x000001ecfaef1000 nmethod 2298 0x000001ece242a110 code [0x000001ece242a340, 0x000001ece242af90]
Event: 1.548 Thread 0x000001ecfaedf800 2303  s    4       java.util.Vector::indexOf (67 bytes)

GC Heap History (3 events):
Event: 0.847 GC heap before
{Heap before GC invocations=1 (full 0):
 PSYoungGen      total 75776K, used 65024K [0x000000076bb00000, 0x0000000770f80000, 0x00000007c0000000)
  eden space 65024K, 100% used [0x000000076bb00000,0x000000076fa80000,0x000000076fa80000)
  from space 10752K, 0% used [0x0000000770500000,0x0000000770500000,0x0000000770f80000)
  to   space 10752K, 0% used [0x000000076fa80000,0x000000076fa80000,0x0000000770500000)
 ParOldGen       total 173568K, used 0K [0x00000006c3000000, 0x00000006cd980000, 0x000000076bb00000)
  object space 173568K, 0% used [0x00000006c3000000,0x00000006c3000000,0x00000006cd980000)
 Metaspace       used 11703K, capacity 11854K, committed 12160K, reserved 1060864K
  class space    used 1451K, capacity 1541K, committed 1664K, reserved 1048576K
Event: 0.855 GC heap after
Heap after GC invocations=1 (full 0):
 PSYoungGen      total 75776K, used 10193K [0x000000076bb00000, 0x0000000770f80000, 0x00000007c0000000)
  eden space 65024K, 0% used [0x000000076bb00000,0x000000076bb00000,0x000000076fa80000)
  from space 10752K, 94% used [0x000000076fa80000,0x0000000770474688,0x0000000770500000)
  to   space 10752K, 0% used [0x0000000770500000,0x0000000770500000,0x0000000770f80000)
 ParOldGen       total 173568K, used 16K [0x00000006c3000000, 0x00000006cd980000, 0x000000076bb00000)
  object space 173568K, 0% used [0x00000006c3000000,0x00000006c3004000,0x00000006cd980000)
 Metaspace       used 11703K, capacity 11854K, committed 12160K, reserved 1060864K
  class space    used 1451K, capacity 1541K, committed 1664K, reserved 1048576K
}
Event: 1.549 GC heap before
{Heap before GC invocations=2 (full 0):
 PSYoungGen      total 75776K, used 75217K [0x000000076bb00000, 0x0000000770f80000, 0x00000007c0000000)
  eden space 65024K, 100% used [0x000000076bb00000,0x000000076fa80000,0x000000076fa80000)
  from space 10752K, 94% used [0x000000076fa80000,0x0000000770474688,0x0000000770500000)
  to   space 10752K, 0% used [0x0000000770500000,0x0000000770500000,0x0000000770f80000)
 ParOldGen       total 173568K, used 16K [0x00000006c3000000, 0x00000006cd980000, 0x000000076bb00000)
  object space 173568K, 0% used [0x00000006c3000000,0x00000006c3004000,0x00000006cd980000)
 Metaspace       used 15179K, capacity 15454K, committed 15616K, reserved 1062912K
  class space    used 1839K, capacity 1949K, committed 2048K, reserved 1048576K

Deoptimization events (10 events):
Event: 1.312 Thread 0x000001ece0222800 Uncommon trap: reason=unstable_if action=reinterpret pc=0x000001ece22ec160 method=org.codehaus.plexus.util.xml.pull.MXParser.nextImpl()I @ 1161
Event: 1.324 Thread 0x000001ece0222800 Uncommon trap: reason=unstable_if action=reinterpret pc=0x000001ece1eed26c method=sun.nio.cs.UTF_8$Decoder.decode([BII[C)I @ 30
Event: 1.367 Thread 0x000001ece0222800 Uncommon trap: reason=bimorphic action=maybe_recompile pc=0x000001ece226c984 method=java.util.concurrent.ConcurrentHashMap.get(Ljava/lang/Object;)Ljava/lang/Object; @ 149
Event: 1.371 Thread 0x000001ece0222800 Uncommon trap: reason=bimorphic action=maybe_recompile pc=0x000001ece226c984 method=java.util.concurrent.ConcurrentHashMap.get(Ljava/lang/Object;)Ljava/lang/Object; @ 149
Event: 1.377 Thread 0x000001ece0222800 Uncommon trap: reason=bimorphic action=maybe_recompile pc=0x000001ece226c984 method=java.util.concurrent.ConcurrentHashMap.get(Ljava/lang/Object;)Ljava/lang/Object; @ 149
Event: 1.390 Thread 0x000001ece0222800 Uncommon trap: reason=unstable_if action=reinterpret pc=0x000001ece234949c method=org.codehaus.plexus.util.xml.pull.MXParser.nextImpl()I @ 924
Event: 1.416 Thread 0x000001ece0222800 Uncommon trap: reason=unstable_if action=reinterpret pc=0x000001ece21c2a60 method=java.lang.String.regionMatches(ZILjava/lang/String;II)Z @ 25
Event: 1.449 Thread 0x000001ece0222800 Uncommon trap: reason=unstable_if action=reinterpret pc=0x000001ece238153c method=org.apache.maven.model.io.xpp3.MavenXpp3Reader.nextTag(Lorg/codehaus/plexus/util/xml/pull/XmlPullParser;)I @ 9
Event: 1.467 Thread 0x000001ece0222800 Uncommon trap: reason=bimorphic action=maybe_recompile pc=0x000001ece226c984 method=java.util.concurrent.ConcurrentHashMap.get(Ljava/lang/Object;)Ljava/lang/Object; @ 149
Event: 1.539 Thread 0x000001ece0222800 Uncommon trap: reason=unstable_if action=reinterpret pc=0x000001ece1ed30cc method=java.io.WinNTFileSystem.normalize(Ljava/lang/String;)Ljava/lang/String; @ 128

Classes redefined (0 events):
No events

Internal exceptions (10 events):
Event: 0.946 Thread 0x000001ece0222800 Exception <a 'java/lang/NoClassDefFoundError': com/google/inject/servlet/ServletModuleTargetVisitor> (0x000000076c28d8b8) thrown at [C:\jenkins\workspace\8-2-build-windows-x64-cygwin\jdk8u341\2692\hotspot\src\share\vm\classfile\systemDictionary.cpp, line 
Event: 0.946 Thread 0x000001ece0222800 Exception <a 'java/lang/NoClassDefFoundError'> (0x000000076c28d8b8) thrown at [C:\jenkins\workspace\8-2-build-windows-x64-cygwin\jdk8u341\2692\hotspot\src\share\vm\prims\jvm.cpp, line 1527]
Event: 0.946 Thread 0x000001ece0222800 Exception <a 'java/lang/NoClassDefFoundError': javax/annotation/Priority> (0x000000076c2929d0) thrown at [C:\jenkins\workspace\8-2-build-windows-x64-cygwin\jdk8u341\2692\hotspot\src\share\vm\classfile\systemDictionary.cpp, line 201]
Event: 1.046 Thread 0x000001ece0222800 Exception <a 'java/lang/NullPointerException'> (0x000000076c895f60) thrown at [C:\jenkins\workspace\8-2-build-windows-x64-cygwin\jdk8u341\2692\hotspot\src\share\vm\interpreter\linkResolver.cpp, line 1185]
Event: 1.046 Thread 0x000001ece0222800 Exception <a 'java/lang/NullPointerException'> (0x000000076c896178) thrown at [C:\jenkins\workspace\8-2-build-windows-x64-cygwin\jdk8u341\2692\hotspot\src\share\vm\interpreter\linkResolver.cpp, line 1185]
Event: 1.046 Thread 0x000001ece0222800 Exception <a 'java/lang/NullPointerException'> (0x000000076c896390) thrown at [C:\jenkins\workspace\8-2-build-windows-x64-cygwin\jdk8u341\2692\hotspot\src\share\vm\interpreter\linkResolver.cpp, line 1185]
Event: 1.047 Thread 0x000001ece0222800 Exception <a 'java/lang/NullPointerException'> (0x000000076c89ea40) thrown at [C:\jenkins\workspace\8-2-build-windows-x64-cygwin\jdk8u341\2692\hotspot\src\share\vm\interpreter\linkResolver.cpp, line 1185]
Event: 1.047 Thread 0x000001ece0222800 Exception <a 'java/lang/NullPointerException'> (0x000000076c89ec58) thrown at [C:\jenkins\workspace\8-2-build-windows-x64-cygwin\jdk8u341\2692\hotspot\src\share\vm\interpreter\linkResolver.cpp, line 1185]
Event: 1.047 Thread 0x000001ece0222800 Exception <a 'java/lang/NullPointerException'> (0x000000076c89ee70) thrown at [C:\jenkins\workspace\8-2-build-windows-x64-cygwin\jdk8u341\2692\hotspot\src\share\vm\interpreter\linkResolver.cpp, line 1185]
Event: 1.210 Thread 0x000001ece0222800 Implicit null exception at 0x000001ece2260feb to 0x000001ece22622ad

Events (10 events):
Event: 1.525 Thread 0x000001ece0222800 DEOPT PACKING pc=0x000001ece2371b8c sp=0x000000a8d71fc270
Event: 1.525 Thread 0x000001ece0222800 DEOPT UNPACKING pc=0x000001ece1cc7918 sp=0x000000a8d71fc088 mode 0
Event: 1.525 Thread 0x000001ece0222800 DEOPT PACKING pc=0x000001ece2371b8c sp=0x000000a8d71fc530
Event: 1.525 Thread 0x000001ece0222800 DEOPT UNPACKING pc=0x000001ece1cc7918 sp=0x000000a8d71fc348 mode 0
Event: 1.539 Thread 0x000001ece0222800 Uncommon trap: trap_request=0xffffff65 fr.pc=0x000001ece1ed30cc
Event: 1.539 Thread 0x000001ece0222800 DEOPT PACKING pc=0x000001ece1ed30cc sp=0x000000a8d71fce60
Event: 1.539 Thread 0x000001ece0222800 DEOPT UNPACKING pc=0x000001ece1cc58c3 sp=0x000000a8d71fce50 mode 2
Event: 1.545 Executing VM operation: ForceSafepoint
Event: 1.545 Executing VM operation: ForceSafepoint done
Event: 1.549 Executing VM operation: ParallelGCFailedAllocation


Dynamic libraries:
0x00007ff6ec510000 - 0x00007ff6ec557000 	C:\Java\bin\java.exe
0x00007ffaecab0000 - 0x00007ffaecca8000 	C:\WINDOWS\SYSTEM32\ntdll.dll
0x00007ffaec770000 - 0x00007ffaec82d000 	C:\WINDOWS\System32\KERNEL32.DLL
0x00007ffaea360000 - 0x00007ffaea632000 	C:\WINDOWS\System32\KERNELBASE.dll
0x00000000735a0000 - 0x00000000738d0000 	C:\Program Files\Norton Security\NortonData\22.17.0.183\Definitions\IPSDefs\20221028.061\IPSEng64.dll
0x00007ffaeb960000 - 0x00007ffaeba0e000 	C:\WINDOWS\System32\ADVAPI32.dll
0x00007ffaeb8c0000 - 0x00007ffaeb95e000 	C:\WINDOWS\System32\msvcrt.dll
0x00007ffaebf00000 - 0x00007ffaebf9c000 	C:\WINDOWS\System32\sechost.dll
0x00007ffaec150000 - 0x00007ffaec275000 	C:\WINDOWS\System32\RPCRT4.dll
0x00007ffaec560000 - 0x00007ffaec568000 	C:\WINDOWS\System32\PSAPI.DLL
0x00007ffaec5d0000 - 0x00007ffaec76d000 	C:\WINDOWS\System32\USER32.dll
0x00007ffaea9d0000 - 0x00007ffaea9f2000 	C:\WINDOWS\System32\win32u.dll
0x00007ffaeb140000 - 0x00007ffaeb16b000 	C:\WINDOWS\System32\GDI32.dll
0x00007ffaeaa00000 - 0x00007ffaeab0f000 	C:\WINDOWS\System32\gdi32full.dll
0x00007ffaea210000 - 0x00007ffaea2ad000 	C:\WINDOWS\System32\msvcp_win.dll
0x00007ffaea840000 - 0x00007ffaea940000 	C:\WINDOWS\System32\ucrtbase.dll
0x00007ffaca010000 - 0x00007ffaca2aa000 	C:\WINDOWS\WinSxS\amd64_microsoft.windows.common-controls_6595b64144ccf1df_6.0.19041.1110_none_60b5254171f9507e\COMCTL32.dll
0x00007ffaec830000 - 0x00007ffaec860000 	C:\WINDOWS\System32\IMM32.DLL
0x00007ffad2740000 - 0x00007ffad2755000 	C:\Java\jre\bin\vcruntime140.dll
0x00007ffaae990000 - 0x00007ffaaea2b000 	C:\Java\jre\bin\msvcp140.dll
0x0000000072d30000 - 0x0000000073591000 	C:\Java\jre\bin\server\jvm.dll
0x00007ffae15c0000 - 0x00007ffae15ca000 	C:\WINDOWS\SYSTEM32\VERSION.dll
0x00007ffadd800000 - 0x00007ffadd809000 	C:\WINDOWS\SYSTEM32\WSOCK32.dll
0x00007ffadd930000 - 0x00007ffadd957000 	C:\WINDOWS\SYSTEM32\WINMM.dll
0x00007ffaec290000 - 0x00007ffaec2fb000 	C:\WINDOWS\System32\WS2_32.dll
0x00007ffae8a00000 - 0x00007ffae8a12000 	C:\WINDOWS\SYSTEM32\kernel.appcore.dll
0x00007ffae2150000 - 0x00007ffae2160000 	C:\Java\jre\bin\verify.dll
0x00007ffac3790000 - 0x00007ffac37bb000 	C:\Java\jre\bin\java.dll
0x00007ffacae90000 - 0x00007ffacaea8000 	C:\Java\jre\bin\zip.dll
0x00007ffaeb170000 - 0x00007ffaeb8b3000 	C:\WINDOWS\System32\SHELL32.dll
0x00007ffae8220000 - 0x00007ffae89b1000 	C:\WINDOWS\SYSTEM32\windows.storage.dll
0x00007ffaebb90000 - 0x00007ffaebee4000 	C:\WINDOWS\System32\combase.dll
0x00007ffae9b40000 - 0x00007ffae9b70000 	C:\WINDOWS\SYSTEM32\Wldp.dll
0x00007ffaec300000 - 0x00007ffaec3ad000 	C:\WINDOWS\System32\SHCORE.dll
0x00007ffaec570000 - 0x00007ffaec5c5000 	C:\WINDOWS\System32\shlwapi.dll
0x00007ffaea100000 - 0x00007ffaea11f000 	C:\WINDOWS\SYSTEM32\profapi.dll
0x00007ffaca900000 - 0x00007ffaca90a000 	C:\apache-maven-3.6.1\lib\jansi-native\windows64\jansi.dll
0x00007ffaca820000 - 0x00007ffaca83c000 	C:\Java\jre\bin\net.dll
0x00007ffae9920000 - 0x00007ffae998a000 	C:\WINDOWS\system32\mswsock.dll
0x00007ffac3b80000 - 0x00007ffac3b93000 	C:\Java\jre\bin\nio.dll
0x00007ffae7d30000 - 0x00007ffae7f14000 	C:\WINDOWS\SYSTEM32\dbghelp.dll
0x00007ffaea940000 - 0x00007ffaea9c2000 	C:\WINDOWS\System32\bcryptPrimitives.dll

VM Arguments:
jvm_args: -Dclassworlds.conf=C:\apache-maven-3.6.1\bin\..\bin\m2.conf -Dmaven.home=C:\apache-maven-3.6.1\bin\.. -Dlibrary.jansi.path=C:\apache-maven-3.6.1\bin\..\lib\jansi-native -Dmaven.multiModuleProjectDirectory=C:\_GitHub\openrules.samples\SpatialRules 
java_command: org.codehaus.plexus.classworlds.launcher.Launcher clean
java_class_path (initial): C:\apache-maven-3.6.1\bin\..\boot\plexus-classworlds-2.6.0.jar
Launcher Type: SUN_STANDARD

Environment Variables:
JAVA_HOME=C:\Java
PATH=C:\Program Files (x86)\Common Files\Oracle\Java\javapath;C:\Program Files (x86)\Microsoft SDKs\Azure\CLI2\wbin;C:\Windows\system32;C:\Windows;C:\Windows\System32\Wbem;C:\Windows\System32\WindowsPowerShell\v1.0\;C:\Windows\System32\OpenSSH\;C:\Program Files (x86)\NVIDIA Corporation\PhysX\Common;C:\ant\bin;C:\lp\coin\bin;C:\lp\scip;C:\lp\glpk-4.47\w64;C:\lp\gurobi\win64\bin;C:\Program Files\Intel\WiFi\bin\;C:\Program Files\Common Files\Intel\WirelessCommon\;C:\Program Files\Docker\Docker\resources\bin;C:\ProgramData\DockerDesktop\version-bin;C:\Program Files (x86)\gnupg\bin;C:\lp\lpsolve;C:\WINDOWS\system32;C:\WINDOWS;C:\WINDOWS\System32\Wbem;C:\WINDOWS\System32\WindowsPowerShell\v1.0\;C:\WINDOWS\System32\OpenSSH\;C:\lp\cbc\bin;C:\Program Files\nodejs\;C:\Program Files\Microsoft\Azure Functions Core Tools\;C:\Program Files\Git\cmd;C:\Program Files\dotnet\;C:\Program Files\PuTTY\;;C:\Program Files (x86)\Gpg4win\..\GnuPG\bin;C:\Java\bin;C:\Users\jacob\AppData\Local\Microsoft\WindowsApps;C:\apache-maven-3.6.1\bin;C:\Users\jacob\AppData\Local\GitHubDesktop\bin;C:\Users\jacob\AppData\Local\Microsoft\WindowsApps;C:\Program Files\MariaDB 10.5\bin;C:\Users\jacob\AppData\Roaming\npm;
USERNAME=jacob
OS=Windows_NT
PROCESSOR_IDENTIFIER=Intel64 Family 6 Model 142 Stepping 11, GenuineIntel



---------------  S Y S T E M  ---------------

OS: Windows 10 , 64 bit Build 19041 (10.0.19041.1889)

CPU:total 8 (initial active 8) (4 cores per cpu, 2 threads per core) family 6 model 142 stepping 11, cmov, cx8, fxsr, mmx, sse, sse2, sse3, ssse3, sse4.1, sse4.2, popcnt, avx, avx2, aes, clmul, erms, 3dnowpref, lzcnt, ht, tsc, tscinvbit, bmi1, bmi2, adx

Memory: 4k page, physical 16579576k(4370592k free), swap 19568632k(5576k free)

vm_info: Java HotSpot(TM) 64-Bit Server VM (25.341-b10) for windows-amd64 JRE (1.8.0_341-b10), built on Jun 16 2022 15:51:07 by "java_re" with MS VC++ 15.9 (VS2017)

time: Sat Oct 29 05:32:24 2022
timezone: Eastern Daylight Time
elapsed time: 1.593043 seconds (0d 0h 0m 1s)

